# JRE version: Java(TM) SE Runtime Environment (8.0_66-b18) (build 1.8.0_66-b18)
# Java VM: Java HotSpot(TM) 64-Bit Server VM (25.66-b18 mixed mode windows-amd64 compressed oops)
Heap:
 PSYoungGen      total 186880K, used 67032K [0x000000076b180000, 0x000000077c700000, 0x00000007c0000000)
  eden space 172544K, 31% used [0x000000076b180000,0x000000076e737f70,0x0000000775a00000)
  from space 14336K, 83% used [0x0000000775a00000,0x00000007765be438,0x0000000776800000)
  to   space 14848K, 0% used [0x000000077b880000,0x000000077b880000,0x000000077c700000)
 ParOldGen       total 147456K, used 17290K [0x00000006c1400000, 0x00000006ca400000, 0x000000076b180000)
  object space 147456K, 11% used [0x00000006c1400000,0x00000006c24e2910,0x00000006ca400000)
 Metaspace       used 44476K, capacity 46554K, committed 46720K, reserved 1089536K
  class space    used 5817K, capacity 6190K, committed 6272K, reserved 1048576K
GC Heap History (10 events):
Event: 2.599 GC heap before
{Heap before GC invocations=5 (full 1):
 PSYoungGen      total 76288K, used 65536K [0x000000076b180000, 0x0000000774680000, 0x00000007c0000000)
  eden space 65536K, 100% used [0x000000076b180000,0x000000076f180000,0x000000076f180000)
  from space 10752K, 0% used [0x000000076f180000,0x000000076f180000,0x000000076fc00000)
  to   space 10752K, 0% used [0x0000000773c00000,0x0000000773c00000,0x0000000774680000)
 ParOldGen       total 96256K, used 7818K [0x00000006c1400000, 0x00000006c7200000, 0x000000076b180000)
  object space 96256K, 8% used [0x00000006c1400000,0x00000006c1ba2b08,0x00000006c7200000)
 Metaspace       used 23020K, capacity 23772K, committed 24064K, reserved 1071104K
  class space    used 3039K, capacity 3258K, committed 3328K, reserved 1048576K
Event: 2.605 GC heap after
Heap after GC invocations=5 (full 1):
 PSYoungGen      total 113152K, used 5572K [0x000000076b180000, 0x0000000774180000, 0x00000007c0000000)
  eden space 107520K, 0% used [0x000000076b180000,0x000000076b180000,0x0000000771a80000)
  from space 5632K, 98% used [0x0000000773c00000,0x0000000774171208,0x0000000774180000)
  to   space 10752K, 0% used [0x0000000772c80000,0x0000000772c80000,0x0000000773700000)
 ParOldGen       total 96256K, used 7890K [0x00000006c1400000, 0x00000006c7200000, 0x000000076b180000)
  object space 96256K, 8% used [0x00000006c1400000,0x00000006c1bb4b18,0x00000006c7200000)
 Metaspace       used 23020K, capacity 23772K, committed 24064K, reserved 1071104K
  class space    used 3039K, capacity 3258K, committed 3328K, reserved 1048576K
}
Event: 3.464 GC heap before
{Heap before GC invocations=6 (full 1):
 PSYoungGen      total 113152K, used 113092K [0x000000076b180000, 0x0000000774180000, 0x00000007c0000000)
  eden space 107520K, 100% used [0x000000076b180000,0x0000000771a80000,0x0000000771a80000)
  from space 5632K, 98% used [0x0000000773c00000,0x0000000774171208,0x0000000774180000)
  to   space 10752K, 0% used [0x0000000772c80000,0x0000000772c80000,0x0000000773700000)
 ParOldGen       total 96256K, used 7890K [0x00000006c1400000, 0x00000006c7200000, 0x000000076b180000)
  object space 96256K, 8% used [0x00000006c1400000,0x00000006c1bb4b18,0x00000006c7200000)
 Metaspace       used 30317K, capacity 31470K, committed 31488K, reserved 1077248K
  class space    used 4062K, capacity 4349K, committed 4352K, reserved 1048576K
Event: 3.477 GC heap after
Heap after GC invocations=6 (full 1):
 PSYoungGen      total 136704K, used 10748K [0x000000076b180000, 0x0000000777480000, 0x00000007c0000000)
  eden space 125952K, 0% used [0x000000076b180000,0x000000076b180000,0x0000000772c80000)
  from space 10752K, 99% used [0x0000000772c80000,0x00000007736ff080,0x0000000773700000)
  to   space 12800K, 0% used [0x0000000776800000,0x0000000776800000,0x0000000777480000)
 ParOldGen       total 96256K, used 9347K [0x00000006c1400000, 0x00000006c7200000, 0x000000076b180000)
  object space 96256K, 9% used [0x00000006c1400000,0x00000006c1d20c30,0x00000006c7200000)
 Metaspace       used 30317K, capacity 31470K, committed 31488K, reserved 1077248K
  class space    used 4062K, capacity 4349K, committed 4352K, reserved 1048576K
}
Event: 4.950 GC heap before
{Heap before GC invocations=7 (full 1):
 PSYoungGen      total 136704K, used 104604K [0x000000076b180000, 0x0000000777480000, 0x00000007c0000000)
  eden space 125952K, 74% used [0x000000076b180000,0x0000000770d28030,0x0000000772c80000)
  from space 10752K, 99% used [0x0000000772c80000,0x00000007736ff080,0x0000000773700000)
  to   space 12800K, 0% used [0x0000000776800000,0x0000000776800000,0x0000000777480000)
 ParOldGen       total 96256K, used 9347K [0x00000006c1400000, 0x00000006c7200000, 0x000000076b180000)
  object space 96256K, 9% used [0x00000006c1400000,0x00000006c1d20c30,0x00000006c7200000)
 Metaspace       used 33889K, capacity 35406K, committed 35496K, reserved 1079296K
  class space    used 4546K, capacity 4855K, committed 4864K, reserved 1048576K
Event: 4.965 GC heap after
Heap after GC invocations=7 (full 1):
 PSYoungGen      total 185344K, used 12209K [0x000000076b180000, 0x0000000779080000, 0x00000007c0000000)
  eden space 172544K, 0% used [0x000000076b180000,0x000000076b180000,0x0000000775a00000)
  from space 12800K, 95% used [0x0000000776800000,0x00000007773ec538,0x0000000777480000)
  to   space 14336K, 0% used [0x0000000775a00000,0x0000000775a00000,0x0000000776800000)
 ParOldGen       total 96256K, used 9355K [0x00000006c1400000, 0x00000006c7200000, 0x000000076b180000)
  object space 96256K, 9% used [0x00000006c1400000,0x00000006c1d22c30,0x00000006c7200000)
 Metaspace       used 33889K, capacity 35406K, committed 35496K, reserved 1079296K
  class space    used 4546K, capacity 4855K, committed 4864K, reserved 1048576K
}
Event: 4.965 GC heap before
{Heap before GC invocations=8 (full 2):
 PSYoungGen      total 185344K, used 12209K [0x000000076b180000, 0x0000000779080000, 0x00000007c0000000)
  eden space 172544K, 0% used [0x000000076b180000,0x000000076b180000,0x0000000775a00000)
  from space 12800K, 95% used [0x0000000776800000,0x00000007773ec538,0x0000000777480000)
  to   space 14336K, 0% used [0x0000000775a00000,0x0000000775a00000,0x0000000776800000)
 ParOldGen       total 96256K, used 9355K [0x00000006c1400000, 0x00000006c7200000, 0x000000076b180000)
  object space 96256K, 9% used [0x00000006c1400000,0x00000006c1d22c30,0x00000006c7200000)
 Metaspace       used 33889K, capacity 35406K, committed 35496K, reserved 1079296K
  class space    used 4546K, capacity 4855K, committed 4864K, reserved 1048576K
Event: 5.015 GC heap after
Heap after GC invocations=8 (full 2):
 PSYoungGen      total 185344K, used 0K [0x000000076b180000, 0x0000000779080000, 0x00000007c0000000)
  eden space 172544K, 0% used [0x000000076b180000,0x000000076b180000,0x0000000775a00000)
  from space 12800K, 0% used [0x0000000776800000,0x0000000776800000,0x0000000777480000)
  to   space 14336K, 0% used [0x0000000775a00000,0x0000000775a00000,0x0000000776800000)
 ParOldGen       total 147456K, used 17282K [0x00000006c1400000, 0x00000006ca400000, 0x000000076b180000)
  object space 147456K, 11% used [0x00000006c1400000,0x00000006c24e0910,0x00000006ca400000)
 Metaspace       used 33889K, capacity 35406K, committed 35496K, reserved 1079296K
  class space    used 4546K, capacity 4855K, committed 4864K, reserved 1048576K
}
Event: 12.072 GC heap before
{Heap before GC invocations=9 (full 2):
 PSYoungGen      total 185344K, used 172544K [0x000000076b180000, 0x0000000779080000, 0x00000007c0000000)
  eden space 172544K, 100% used [0x000000076b180000,0x0000000775a00000,0x0000000775a00000)
  from space 12800K, 0% used [0x0000000776800000,0x0000000776800000,0x0000000777480000)
  to   space 14336K, 0% used [0x0000000775a00000,0x0000000775a00000,0x0000000776800000)
 ParOldGen       total 147456K, used 17282K [0x00000006c1400000, 0x00000006ca400000, 0x000000076b180000)
  object space 147456K, 11% used [0x00000006c1400000,0x00000006c24e0910,0x00000006ca400000)
 Metaspace       used 39871K, capacity 41754K, committed 42112K, reserved 1085440K
  class space    used 5304K, capacity 5646K, committed 5760K, reserved 1048576K
Event: 12.082 GC heap after
Heap after GC invocations=9 (full 2):
 PSYoungGen      total 186880K, used 12025K [0x000000076b180000, 0x000000077c700000, 0x00000007c0000000)
  eden space 172544K, 0% used [0x000000076b180000,0x000000076b180000,0x0000000775a00000)
  from space 14336K, 83% used [0x0000000775a00000,0x00000007765be438,0x0000000776800000)
  to   space 14848K, 0% used [0x000000077b880000,0x000000077b880000,0x000000077c700000)
 ParOldGen       total 147456K, used 17290K [0x00000006c1400000, 0x00000006ca400000, 0x000000076b180000)
  object space 147456K, 11% used [0x00000006c1400000,0x00000006c24e2910,0x00000006ca400000)
 Metaspace       used 39871K, capacity 41754K, committed 42112K, reserved 1085440K
  class space    used 5304K, capacity 5646K, committed 5760K, reserved 1048576K
}

